2019-04-07 17:04:14 Notice: Notice (8): Undefined variable: property in [D:\Xampp_5.6\htdocs\pms\vendor\cakephp\cakephp\src\Datasource\EntityTrait.php, line 282]
Request URL: /admin/users/get-last-serial-no
Referer URL: http://localhost/pms/admin/users/add
Trace:
Cake\Error\BaseErrorHandler::handleError() - CORE\src\Error\BaseErrorHandler.php, line 153
Cake\ORM\Entity::get() - CORE\src\Datasource\EntityTrait.php, line 282
App\Controller\Admin\UsersController::getLastSerialNo() - APP/Controller\Admin\UsersController.php, line 701
Cake\Controller\Controller::invokeAction() - CORE\src\Controller\Controller.php, line 440
Cake\Http\ActionDispatcher::_invoke() - CORE\src\Http\ActionDispatcher.php, line 119
Cake\Http\ActionDispatcher::dispatch() - CORE\src\Http\ActionDispatcher.php, line 93
Cake\Routing\Dispatcher::dispatch() - CORE\src\Routing\Dispatcher.php, line 60
[main] - ROOT\webroot\index.php, line 37



2019-04-07 17:42:42 Notice: Notice (8): Trying to get property of non-object in [D:\Xampp_5.6\htdocs\pms\src\Controller\Admin\UsersController.php, line 703]
Request URL: /admin/users/get-last-serial-no
Referer URL: http://localhost/pms/admin/users/add
Trace:
Cake\Error\BaseErrorHandler::handleError() - CORE\src\Error\BaseErrorHandler.php, line 153
App\Controller\Admin\UsersController::getLastSerialNo() - APP/Controller\Admin\UsersController.php, line 703
Cake\Controller\Controller::invokeAction() - CORE\src\Controller\Controller.php, line 440
Cake\Http\ActionDispatcher::_invoke() - CORE\src\Http\ActionDispatcher.php, line 119
Cake\Http\ActionDispatcher::dispatch() - CORE\src\Http\ActionDispatcher.php, line 93
Cake\Routing\Dispatcher::dispatch() - CORE\src\Routing\Dispatcher.php, line 60
[main] - ROOT\webroot\index.php, line 37



2019-04-07 17:42:44 Notice: Notice (8): Trying to get property of non-object in [D:\Xampp_5.6\htdocs\pms\src\Controller\Admin\UsersController.php, line 703]
Request URL: /admin/users/get-last-serial-no
Referer URL: http://localhost/pms/admin/users/add
Trace:
Cake\Error\BaseErrorHandler::handleError() - CORE\src\Error\BaseErrorHandler.php, line 153
App\Controller\Admin\UsersController::getLastSerialNo() - APP/Controller\Admin\UsersController.php, line 703
Cake\Controller\Controller::invokeAction() - CORE\src\Controller\Controller.php, line 440
Cake\Http\ActionDispatcher::_invoke() - CORE\src\Http\ActionDispatcher.php, line 119
Cake\Http\ActionDispatcher::dispatch() - CORE\src\Http\ActionDispatcher.php, line 93
Cake\Routing\Dispatcher::dispatch() - CORE\src\Routing\Dispatcher.php, line 60
[main] - ROOT\webroot\index.php, line 37



2019-04-07 17:42:55 Notice: Notice (8): Trying to get property of non-object in [D:\Xampp_5.6\htdocs\pms\src\Controller\Admin\UsersController.php, line 703]
Request URL: /admin/users/get-last-serial-no
Referer URL: http://localhost/pms/admin/users/add
Trace:
Cake\Error\BaseErrorHandler::handleError() - CORE\src\Error\BaseErrorHandler.php, line 153
App\Controller\Admin\UsersController::getLastSerialNo() - APP/Controller\Admin\UsersController.php, line 703
Cake\Controller\Controller::invokeAction() - CORE\src\Controller\Controller.php, line 440
Cake\Http\ActionDispatcher::_invoke() - CORE\src\Http\ActionDispatcher.php, line 119
Cake\Http\ActionDispatcher::dispatch() - CORE\src\Http\ActionDispatcher.php, line 93
Cake\Routing\Dispatcher::dispatch() - CORE\src\Routing\Dispatcher.php, line 60
[main] - ROOT\webroot\index.php, line 37



2019-04-07 19:06:51 Notice: Notice (8): Undefined variable: appointment_date in [D:\Xampp_5.6\htdocs\pms\src\Template\Admin\Appointments\index.ctp, line 20]
Request URL: /admin/appointments
Referer URL: http://localhost/pms/admin/users
Trace:
Cake\Error\BaseErrorHandler::handleError() - CORE\src\Error\BaseErrorHandler.php, line 153
include - APP/Template\Admin\Appointments\index.ctp, line 20
Cake\View\View::_evaluate() - CORE\src\View\View.php, line 1025
Cake\View\View::_render() - CORE\src\View\View.php, line 986
Cake\View\View::render() - CORE\src\View\View.php, line 610
Cake\Controller\Controller::render() - CORE\src\Controller\Controller.php, line 623
Cake\Http\ActionDispatcher::_invoke() - CORE\src\Http\ActionDispatcher.php, line 125
Cake\Http\ActionDispatcher::dispatch() - CORE\src\Http\ActionDispatcher.php, line 93
Cake\Routing\Dispatcher::dispatch() - CORE\src\Routing\Dispatcher.php, line 60
[main] - ROOT\webroot\index.php, line 37



