2018-05-20 15:54:57 Error: 
2018-05-20 15:59:34 Error: [Cake\Routing\Exception\MissingControllerException] Controller class Img could not be found.
Exception Attributes: array (
  'class' => 'Img',
  'plugin' => NULL,
  'prefix' => NULL,
  '_ext' => NULL,
)
Request URL: /pms/img/
Referer URL: http://localhost/pms/admin/users/change-profile-picture/132
Stack Trace:
#0 E:\xampp_5\htdocs\pms\webroot\index.php(37): Cake\Routing\Dispatcher->dispatch(Object(Cake\Network\Request), Object(Cake\Network\Response))
#1 {main}


2018-05-20 15:59:53 Error: [Cake\Routing\Exception\MissingControllerException] Controller class Img could not be found.
Exception Attributes: array (
  'class' => 'Img',
  'plugin' => NULL,
  'prefix' => NULL,
  '_ext' => NULL,
)
Request URL: /pms/img/gdfg/
Referer URL: http://localhost/pms/admin/users/change-profile-picture/132
Stack Trace:
#0 E:\xampp_5\htdocs\pms\webroot\index.php(37): Cake\Routing\Dispatcher->dispatch(Object(Cake\Network\Request), Object(Cake\Network\Response))
#1 {main}


2018-05-20 16:01:28 Error: [Cake\Datasource\Exception\RecordNotFoundException] Record not found in table "users"
Request URL: /pms/admin/users/change-profile-picture/%3Cpre%20class=
Referer URL: http://localhost/pms/admin/users/change-profile-picture/132
Stack Trace:
#0 E:\xampp_5\htdocs\pms\vendor\cakephp\cakephp\src\ORM\Table.php(1191): Cake\ORM\Query->firstOrFail()
#1 E:\xampp_5\htdocs\pms\src\Controller\Admin\UsersController.php(498): Cake\ORM\Table->get('<pre class=', Array)
#2 [internal function]: App\Controller\Admin\UsersController->changeProfilePicture('<pre class=')
#3 E:\xampp_5\htdocs\pms\vendor\cakephp\cakephp\src\Controller\Controller.php(430): call_user_func_array(Array, Array)
#4 E:\xampp_5\htdocs\pms\vendor\cakephp\cakephp\src\Routing\Dispatcher.php(114): Cake\Controller\Controller->invokeAction()
#5 E:\xampp_5\htdocs\pms\vendor\cakephp\cakephp\src\Routing\Dispatcher.php(87): Cake\Routing\Dispatcher->_invoke(Object(App\Controller\Admin\UsersController))
#6 E:\xampp_5\htdocs\pms\webroot\index.php(37): Cake\Routing\Dispatcher->dispatch(Object(Cake\Network\Request), Object(Cake\Network\Response))
#7 {main}


2018-05-20 16:05:31 Error: [Cake\Datasource\Exception\RecordNotFoundException] Record not found in table "users"
Request URL: /pms/admin/users/change-profile-picture/%3Cpre%20class=
Referer URL: http://localhost/pms/admin/users/change-profile-picture/132
Stack Trace:
#0 E:\xampp_5\htdocs\pms\vendor\cakephp\cakephp\src\ORM\Table.php(1191): Cake\ORM\Query->firstOrFail()
#1 E:\xampp_5\htdocs\pms\src\Controller\Admin\UsersController.php(498): Cake\ORM\Table->get('<pre class=', Array)
#2 [internal function]: App\Controller\Admin\UsersController->changeProfilePicture('<pre class=')
#3 E:\xampp_5\htdocs\pms\vendor\cakephp\cakephp\src\Controller\Controller.php(430): call_user_func_array(Array, Array)
#4 E:\xampp_5\htdocs\pms\vendor\cakephp\cakephp\src\Routing\Dispatcher.php(114): Cake\Controller\Controller->invokeAction()
#5 E:\xampp_5\htdocs\pms\vendor\cakephp\cakephp\src\Routing\Dispatcher.php(87): Cake\Routing\Dispatcher->_invoke(Object(App\Controller\Admin\UsersController))
#6 E:\xampp_5\htdocs\pms\webroot\index.php(37): Cake\Routing\Dispatcher->dispatch(Object(Cake\Network\Request), Object(Cake\Network\Response))
#7 {main}


2018-05-20 16:09:27 Error: [Cake\Datasource\Exception\RecordNotFoundException] Record not found in table "users"
Request URL: /pms/admin/users/change-profile-picture/%3Cpre%20class=
Referer URL: http://localhost/pms/admin/users/change-profile-picture/132
Stack Trace:
#0 E:\xampp_5\htdocs\pms\vendor\cakephp\cakephp\src\ORM\Table.php(1191): Cake\ORM\Query->firstOrFail()
#1 E:\xampp_5\htdocs\pms\src\Controller\Admin\UsersController.php(498): Cake\ORM\Table->get('<pre class=', Array)
#2 [internal function]: App\Controller\Admin\UsersController->changeProfilePicture('<pre class=')
#3 E:\xampp_5\htdocs\pms\vendor\cakephp\cakephp\src\Controller\Controller.php(430): call_user_func_array(Array, Array)
#4 E:\xampp_5\htdocs\pms\vendor\cakephp\cakephp\src\Routing\Dispatcher.php(114): Cake\Controller\Controller->invokeAction()
#5 E:\xampp_5\htdocs\pms\vendor\cakephp\cakephp\src\Routing\Dispatcher.php(87): Cake\Routing\Dispatcher->_invoke(Object(App\Controller\Admin\UsersController))
#6 E:\xampp_5\htdocs\pms\webroot\index.php(37): Cake\Routing\Dispatcher->dispatch(Object(Cake\Network\Request), Object(Cake\Network\Response))
#7 {main}


2018-05-20 16:09:27 Error: [Cake\Datasource\Exception\RecordNotFoundException] Record not found in table "users"
Request URL: /pms/admin/users/change-profile-picture/%7B%7Burl%7D%7D
Referer URL: http://localhost/pms/admin/users/change-profile-picture/132
Stack Trace:
#0 E:\xampp_5\htdocs\pms\vendor\cakephp\cakephp\src\ORM\Table.php(1191): Cake\ORM\Query->firstOrFail()
#1 E:\xampp_5\htdocs\pms\src\Controller\Admin\UsersController.php(498): Cake\ORM\Table->get('{{url}}', Array)
#2 [internal function]: App\Controller\Admin\UsersController->changeProfilePicture('{{url}}')
#3 E:\xampp_5\htdocs\pms\vendor\cakephp\cakephp\src\Controller\Controller.php(430): call_user_func_array(Array, Array)
#4 E:\xampp_5\htdocs\pms\vendor\cakephp\cakephp\src\Routing\Dispatcher.php(114): Cake\Controller\Controller->invokeAction()
#5 E:\xampp_5\htdocs\pms\vendor\cakephp\cakephp\src\Routing\Dispatcher.php(87): Cake\Routing\Dispatcher->_invoke(Object(App\Controller\Admin\UsersController))
#6 E:\xampp_5\htdocs\pms\webroot\index.php(37): Cake\Routing\Dispatcher->dispatch(Object(Cake\Network\Request), Object(Cake\Network\Response))
#7 {main}


2018-05-20 16:09:40 Error: Fatal Error (1): Call to undefined method App\View\AppView::toArray() in [E:\xampp_5\htdocs\pms\src\Template\Admin\Element\header.ctp, line 128]
Trace:
Cake\Error\BaseErrorHandler::handleFatalError() - CORE\src\Error\BaseErrorHandler.php, line 216
Cake\Error\BaseErrorHandler::Cake\Error\{closure}() - CORE\src\Error\BaseErrorHandler.php, line 99
[main] - [internal], line ??



2018-05-20 16:09:40 Error: [Cake\Error\FatalErrorException] Call to undefined method App\View\AppView::toArray()
Request URL: /pms/admin/users/change-profile-picture/132
Referer URL: http://localhost/pms/admin/dashboard
Stack Trace:
#0 E:\xampp_5\htdocs\pms\vendor\cakephp\cakephp\src\Error\BaseErrorHandler.php(99): Cake\Error\BaseErrorHandler->handleFatalError(1, 'Call to undefin...', 'E:\\xampp_5\\htdo...', 128)
#1 [internal function]: Cake\Error\BaseErrorHandler->Cake\Error\{closure}()
#2 {main}


2018-05-20 16:11:33 Error: [Cake\Datasource\Exception\RecordNotFoundException] Record not found in table "users"
Request URL: /pms/admin/users/change-profile-picture/%3Cpre%20class=
Referer URL: http://localhost/pms/admin/users/change-profile-picture/132
Stack Trace:
#0 E:\xampp_5\htdocs\pms\vendor\cakephp\cakephp\src\ORM\Table.php(1191): Cake\ORM\Query->firstOrFail()
#1 E:\xampp_5\htdocs\pms\src\Controller\Admin\UsersController.php(498): Cake\ORM\Table->get('<pre class=', Array)
#2 [internal function]: App\Controller\Admin\UsersController->changeProfilePicture('<pre class=')
#3 E:\xampp_5\htdocs\pms\vendor\cakephp\cakephp\src\Controller\Controller.php(430): call_user_func_array(Array, Array)
#4 E:\xampp_5\htdocs\pms\vendor\cakephp\cakephp\src\Routing\Dispatcher.php(114): Cake\Controller\Controller->invokeAction()
#5 E:\xampp_5\htdocs\pms\vendor\cakephp\cakephp\src\Routing\Dispatcher.php(87): Cake\Routing\Dispatcher->_invoke(Object(App\Controller\Admin\UsersController))
#6 E:\xampp_5\htdocs\pms\webroot\index.php(37): Cake\Routing\Dispatcher->dispatch(Object(Cake\Network\Request), Object(Cake\Network\Response))
#7 {main}


2018-05-20 16:13:35 Error: [Cake\Datasource\Exception\RecordNotFoundException] Record not found in table "users"
Request URL: /pms/admin/users/change-profile-picture/%3Cpre%20class=
Referer URL: http://localhost/pms/admin/users/change-profile-picture/132
Stack Trace:
#0 E:\xampp_5\htdocs\pms\vendor\cakephp\cakephp\src\ORM\Table.php(1191): Cake\ORM\Query->firstOrFail()
#1 E:\xampp_5\htdocs\pms\src\Controller\Admin\UsersController.php(498): Cake\ORM\Table->get('<pre class=', Array)
#2 [internal function]: App\Controller\Admin\UsersController->changeProfilePicture('<pre class=')
#3 E:\xampp_5\htdocs\pms\vendor\cakephp\cakephp\src\Controller\Controller.php(430): call_user_func_array(Array, Array)
#4 E:\xampp_5\htdocs\pms\vendor\cakephp\cakephp\src\Routing\Dispatcher.php(114): Cake\Controller\Controller->invokeAction()
#5 E:\xampp_5\htdocs\pms\vendor\cakephp\cakephp\src\Routing\Dispatcher.php(87): Cake\Routing\Dispatcher->_invoke(Object(App\Controller\Admin\UsersController))
#6 E:\xampp_5\htdocs\pms\webroot\index.php(37): Cake\Routing\Dispatcher->dispatch(Object(Cake\Network\Request), Object(Cake\Network\Response))
#7 {main}


2018-05-20 16:13:49 Error: [Cake\Datasource\Exception\RecordNotFoundException] Record not found in table "users"
Request URL: /pms/admin/users/change-profile-picture/%3Cpre%20class=
Referer URL: http://localhost/pms/admin/users/change-profile-picture/132
Stack Trace:
#0 E:\xampp_5\htdocs\pms\vendor\cakephp\cakephp\src\ORM\Table.php(1191): Cake\ORM\Query->firstOrFail()
#1 E:\xampp_5\htdocs\pms\src\Controller\Admin\UsersController.php(498): Cake\ORM\Table->get('<pre class=', Array)
#2 [internal function]: App\Controller\Admin\UsersController->changeProfilePicture('<pre class=')
#3 E:\xampp_5\htdocs\pms\vendor\cakephp\cakephp\src\Controller\Controller.php(430): call_user_func_array(Array, Array)
#4 E:\xampp_5\htdocs\pms\vendor\cakephp\cakephp\src\Routing\Dispatcher.php(114): Cake\Controller\Controller->invokeAction()
#5 E:\xampp_5\htdocs\pms\vendor\cakephp\cakephp\src\Routing\Dispatcher.php(87): Cake\Routing\Dispatcher->_invoke(Object(App\Controller\Admin\UsersController))
#6 E:\xampp_5\htdocs\pms\webroot\index.php(37): Cake\Routing\Dispatcher->dispatch(Object(Cake\Network\Request), Object(Cake\Network\Response))
#7 {main}


2018-05-20 16:25:52 Error: [Cake\View\Exception\MissingHelperException] Helper class webrootHelper could not be found.
Exception Attributes: array (
  'class' => 'webrootHelper',
  'plugin' => NULL,
)
Request URL: /pms/admin/users/change-profile-picture/132
Referer URL: http://localhost/pms/admin/dashboard
Stack Trace:
#0 E:\xampp_5\htdocs\pms\vendor\cakephp\cakephp\src\Core\ObjectRegistry.php(91): Cake\View\HelperRegistry->_throwMissingClassError('webroot', NULL)
#1 E:\xampp_5\htdocs\pms\vendor\cakephp\cakephp\src\View\HelperRegistry.php(66): Cake\Core\ObjectRegistry->load('webroot')
#2 E:\xampp_5\htdocs\pms\vendor\cakephp\cakephp\src\View\View.php(888): Cake\View\HelperRegistry->__isset('webroot')
#3 E:\xampp_5\htdocs\pms\src\Template\Admin\Element\header.ctp(128): Cake\View\View->__get('webroot')
#4 E:\xampp_5\htdocs\pms\vendor\cakephp\cakephp\src\View\View.php(992): include('E:\\xampp_5\\htdo...')
#5 E:\xampp_5\htdocs\pms\vendor\cakephp\cakephp\src\View\View.php(952): Cake\View\View->_evaluate('E:\\xampp_5\\htdo...', Array)
#6 E:\xampp_5\htdocs\pms\vendor\cakephp\cakephp\src\View\View.php(1329): Cake\View\View->_render('E:\\xampp_5\\htdo...', Array)
#7 E:\xampp_5\htdocs\pms\vendor\cakephp\cakephp\src\View\View.php(493): Cake\View\View->_renderElement('E:\\xampp_5\\htdo...', Array, Array)
#8 E:\xampp_5\htdocs\pms\src\Template\Layout\admin.ctp(56): Cake\View\View->element('header')
#9 E:\xampp_5\htdocs\pms\vendor\cakephp\cakephp\src\View\View.php(992): include('E:\\xampp_5\\htdo...')
#10 E:\xampp_5\htdocs\pms\vendor\cakephp\cakephp\src\View\View.php(952): Cake\View\View->_evaluate('E:\\xampp_5\\htdo...', Array)
#11 E:\xampp_5\htdocs\pms\vendor\cakephp\cakephp\src\View\View.php(633): Cake\View\View->_render('E:\\xampp_5\\htdo...')
#12 E:\xampp_5\htdocs\pms\vendor\cakephp\cakephp\src\View\View.php(592): Cake\View\View->renderLayout('', 'admin')
#13 E:\xampp_5\htdocs\pms\vendor\cakephp\cakephp\src\Controller\Controller.php(612): Cake\View\View->render(NULL, NULL)
#14 E:\xampp_5\htdocs\pms\vendor\cakephp\cakephp\src\Routing\Dispatcher.php(120): Cake\Controller\Controller->render()
#15 E:\xampp_5\htdocs\pms\vendor\cakephp\cakephp\src\Routing\Dispatcher.php(87): Cake\Routing\Dispatcher->_invoke(Object(App\Controller\Admin\UsersController))
#16 E:\xampp_5\htdocs\pms\webroot\index.php(37): Cake\Routing\Dispatcher->dispatch(Object(Cake\Network\Request), Object(Cake\Network\Response))
#17 {main}


2018-05-20 16:27:24 Error: [Cake\View\Exception\MissingHelperException] Helper class WEBROOT_DIRHelper could not be found.
Exception Attributes: array (
  'class' => 'WEBROOT_DIRHelper',
  'plugin' => NULL,
)
Request URL: /pms/admin/users/change-profile-picture/132
Referer URL: http://localhost/pms/admin/dashboard
Stack Trace:
#0 E:\xampp_5\htdocs\pms\vendor\cakephp\cakephp\src\Core\ObjectRegistry.php(91): Cake\View\HelperRegistry->_throwMissingClassError('WEBROOT_DIR', NULL)
#1 E:\xampp_5\htdocs\pms\vendor\cakephp\cakephp\src\View\HelperRegistry.php(66): Cake\Core\ObjectRegistry->load('WEBROOT_DIR')
#2 E:\xampp_5\htdocs\pms\vendor\cakephp\cakephp\src\View\View.php(888): Cake\View\HelperRegistry->__isset('WEBROOT_DIR')
#3 E:\xampp_5\htdocs\pms\src\Template\Admin\Element\header.ctp(128): Cake\View\View->__get('WEBROOT_DIR')
#4 E:\xampp_5\htdocs\pms\vendor\cakephp\cakephp\src\View\View.php(992): include('E:\\xampp_5\\htdo...')
#5 E:\xampp_5\htdocs\pms\vendor\cakephp\cakephp\src\View\View.php(952): Cake\View\View->_evaluate('E:\\xampp_5\\htdo...', Array)
#6 E:\xampp_5\htdocs\pms\vendor\cakephp\cakephp\src\View\View.php(1329): Cake\View\View->_render('E:\\xampp_5\\htdo...', Array)
#7 E:\xampp_5\htdocs\pms\vendor\cakephp\cakephp\src\View\View.php(493): Cake\View\View->_renderElement('E:\\xampp_5\\htdo...', Array, Array)
#8 E:\xampp_5\htdocs\pms\src\Template\Layout\admin.ctp(56): Cake\View\View->element('header')
#9 E:\xampp_5\htdocs\pms\vendor\cakephp\cakephp\src\View\View.php(992): include('E:\\xampp_5\\htdo...')
#10 E:\xampp_5\htdocs\pms\vendor\cakephp\cakephp\src\View\View.php(952): Cake\View\View->_evaluate('E:\\xampp_5\\htdo...', Array)
#11 E:\xampp_5\htdocs\pms\vendor\cakephp\cakephp\src\View\View.php(633): Cake\View\View->_render('E:\\xampp_5\\htdo...')
#12 E:\xampp_5\htdocs\pms\vendor\cakephp\cakephp\src\View\View.php(592): Cake\View\View->renderLayout('', 'admin')
#13 E:\xampp_5\htdocs\pms\vendor\cakephp\cakephp\src\Controller\Controller.php(612): Cake\View\View->render(NULL, NULL)
#14 E:\xampp_5\htdocs\pms\vendor\cakephp\cakephp\src\Routing\Dispatcher.php(120): Cake\Controller\Controller->render()
#15 E:\xampp_5\htdocs\pms\vendor\cakephp\cakephp\src\Routing\Dispatcher.php(87): Cake\Routing\Dispatcher->_invoke(Object(App\Controller\Admin\UsersController))
#16 E:\xampp_5\htdocs\pms\webroot\index.php(37): Cake\Routing\Dispatcher->dispatch(Object(Cake\Network\Request), Object(Cake\Network\Response))
#17 {main}


2018-05-20 16:27:36 Error: [Cake\Datasource\Exception\RecordNotFoundException] Record not found in table "users"
Request URL: /pms/admin/users/change-profile-picture/%3Cpre%20class=
Referer URL: http://localhost/pms/admin/users/change-profile-picture/132
Stack Trace:
#0 E:\xampp_5\htdocs\pms\vendor\cakephp\cakephp\src\ORM\Table.php(1191): Cake\ORM\Query->firstOrFail()
#1 E:\xampp_5\htdocs\pms\src\Controller\Admin\UsersController.php(498): Cake\ORM\Table->get('<pre class=', Array)
#2 [internal function]: App\Controller\Admin\UsersController->changeProfilePicture('<pre class=')
#3 E:\xampp_5\htdocs\pms\vendor\cakephp\cakephp\src\Controller\Controller.php(430): call_user_func_array(Array, Array)
#4 E:\xampp_5\htdocs\pms\vendor\cakephp\cakephp\src\Routing\Dispatcher.php(114): Cake\Controller\Controller->invokeAction()
#5 E:\xampp_5\htdocs\pms\vendor\cakephp\cakephp\src\Routing\Dispatcher.php(87): Cake\Routing\Dispatcher->_invoke(Object(App\Controller\Admin\UsersController))
#6 E:\xampp_5\htdocs\pms\webroot\index.php(37): Cake\Routing\Dispatcher->dispatch(Object(Cake\Network\Request), Object(Cake\Network\Response))
#7 {main}


2018-05-20 16:38:13 Error: [Cake\Datasource\Exception\RecordNotFoundException] Record not found in table "users"
Request URL: /pms/admin/users/change-profile-picture/1
Referer URL: http://localhost/pms/admin/users/change-profile-picture/132
Stack Trace:
#0 E:\xampp_5\htdocs\pms\vendor\cakephp\cakephp\src\ORM\Table.php(1191): Cake\ORM\Query->firstOrFail()
#1 E:\xampp_5\htdocs\pms\src\Controller\Admin\UsersController.php(498): Cake\ORM\Table->get('1', Array)
#2 [internal function]: App\Controller\Admin\UsersController->changeProfilePicture('1')
#3 E:\xampp_5\htdocs\pms\vendor\cakephp\cakephp\src\Controller\Controller.php(430): call_user_func_array(Array, Array)
#4 E:\xampp_5\htdocs\pms\vendor\cakephp\cakephp\src\Routing\Dispatcher.php(114): Cake\Controller\Controller->invokeAction()
#5 E:\xampp_5\htdocs\pms\vendor\cakephp\cakephp\src\Routing\Dispatcher.php(87): Cake\Routing\Dispatcher->_invoke(Object(App\Controller\Admin\UsersController))
#6 E:\xampp_5\htdocs\pms\webroot\index.php(37): Cake\Routing\Dispatcher->dispatch(Object(Cake\Network\Request), Object(Cake\Network\Response))
#7 {main}


2018-05-20 16:40:33 Error: [Cake\Datasource\Exception\RecordNotFoundException] Record not found in table "users"
Request URL: /pms/admin/users/change-profile-picture/fg
Referer URL: http://localhost/pms/admin/users/change-profile-picture/132
Stack Trace:
#0 E:\xampp_5\htdocs\pms\vendor\cakephp\cakephp\src\ORM\Table.php(1191): Cake\ORM\Query->firstOrFail()
#1 E:\xampp_5\htdocs\pms\src\Controller\Admin\UsersController.php(498): Cake\ORM\Table->get('fg', Array)
#2 [internal function]: App\Controller\Admin\UsersController->changeProfilePicture('fg')
#3 E:\xampp_5\htdocs\pms\vendor\cakephp\cakephp\src\Controller\Controller.php(430): call_user_func_array(Array, Array)
#4 E:\xampp_5\htdocs\pms\vendor\cakephp\cakephp\src\Routing\Dispatcher.php(114): Cake\Controller\Controller->invokeAction()
#5 E:\xampp_5\htdocs\pms\vendor\cakephp\cakephp\src\Routing\Dispatcher.php(87): Cake\Routing\Dispatcher->_invoke(Object(App\Controller\Admin\UsersController))
#6 E:\xampp_5\htdocs\pms\webroot\index.php(37): Cake\Routing\Dispatcher->dispatch(Object(Cake\Network\Request), Object(Cake\Network\Response))
#7 {main}


2018-05-20 16:41:42 Error: [Cake\View\Exception\MissingHelperException] Helper class webrootHelper could not be found.
Exception Attributes: array (
  'class' => 'webrootHelper',
  'plugin' => NULL,
)
Request URL: /pms/admin/users/change-profile-picture/132
Referer URL: http://localhost/pms/admin/dashboard
Stack Trace:
#0 E:\xampp_5\htdocs\pms\vendor\cakephp\cakephp\src\Core\ObjectRegistry.php(91): Cake\View\HelperRegistry->_throwMissingClassError('webroot', NULL)
#1 E:\xampp_5\htdocs\pms\vendor\cakephp\cakephp\src\View\HelperRegistry.php(66): Cake\Core\ObjectRegistry->load('webroot')
#2 E:\xampp_5\htdocs\pms\vendor\cakephp\cakephp\src\View\View.php(888): Cake\View\HelperRegistry->__isset('webroot')
#3 E:\xampp_5\htdocs\pms\src\Template\Admin\Element\header.ctp(129): Cake\View\View->__get('webroot')
#4 E:\xampp_5\htdocs\pms\vendor\cakephp\cakephp\src\View\View.php(992): include('E:\\xampp_5\\htdo...')
#5 E:\xampp_5\htdocs\pms\vendor\cakephp\cakephp\src\View\View.php(952): Cake\View\View->_evaluate('E:\\xampp_5\\htdo...', Array)
#6 E:\xampp_5\htdocs\pms\vendor\cakephp\cakephp\src\View\View.php(1329): Cake\View\View->_render('E:\\xampp_5\\htdo...', Array)
#7 E:\xampp_5\htdocs\pms\vendor\cakephp\cakephp\src\View\View.php(493): Cake\View\View->_renderElement('E:\\xampp_5\\htdo...', Array, Array)
#8 E:\xampp_5\htdocs\pms\src\Template\Layout\admin.ctp(56): Cake\View\View->element('header')
#9 E:\xampp_5\htdocs\pms\vendor\cakephp\cakephp\src\View\View.php(992): include('E:\\xampp_5\\htdo...')
#10 E:\xampp_5\htdocs\pms\vendor\cakephp\cakephp\src\View\View.php(952): Cake\View\View->_evaluate('E:\\xampp_5\\htdo...', Array)
#11 E:\xampp_5\htdocs\pms\vendor\cakephp\cakephp\src\View\View.php(633): Cake\View\View->_render('E:\\xampp_5\\htdo...')
#12 E:\xampp_5\htdocs\pms\vendor\cakephp\cakephp\src\View\View.php(592): Cake\View\View->renderLayout('', 'admin')
#13 E:\xampp_5\htdocs\pms\vendor\cakephp\cakephp\src\Controller\Controller.php(612): Cake\View\View->render(NULL, NULL)
#14 E:\xampp_5\htdocs\pms\vendor\cakephp\cakephp\src\Routing\Dispatcher.php(120): Cake\Controller\Controller->render()
#15 E:\xampp_5\htdocs\pms\vendor\cakephp\cakephp\src\Routing\Dispatcher.php(87): Cake\Routing\Dispatcher->_invoke(Object(App\Controller\Admin\UsersController))
#16 E:\xampp_5\htdocs\pms\webroot\index.php(37): Cake\Routing\Dispatcher->dispatch(Object(Cake\Network\Request), Object(Cake\Network\Response))
#17 {main}


2018-05-20 16:52:43 Error: [Cake\View\Exception\MissingTemplateException] Template file "Admin\Users\header.ctp" is missing.
Exception Attributes: array (
  'file' => 'Admin\\Users\\header.ctp',
)
Request URL: /pms/admin/users/change-profile-picture/132
Referer URL: http://localhost/pms/admin/users/change-profile-picture/132
Stack Trace:
#0 E:\xampp_5\htdocs\pms\vendor\cakephp\cakephp\src\View\View.php(584): Cake\View\View->_getViewFileName('header')
#1 E:\xampp_5\htdocs\pms\vendor\cakephp\cakephp\src\Controller\Controller.php(612): Cake\View\View->render('header', NULL)
#2 E:\xampp_5\htdocs\pms\src\Controller\Admin\UsersController.php(522): Cake\Controller\Controller->render('header')
#3 [internal function]: App\Controller\Admin\UsersController->changeProfilePicture('132')
#4 E:\xampp_5\htdocs\pms\vendor\cakephp\cakephp\src\Controller\Controller.php(430): call_user_func_array(Array, Array)
#5 E:\xampp_5\htdocs\pms\vendor\cakephp\cakephp\src\Routing\Dispatcher.php(114): Cake\Controller\Controller->invokeAction()
#6 E:\xampp_5\htdocs\pms\vendor\cakephp\cakephp\src\Routing\Dispatcher.php(87): Cake\Routing\Dispatcher->_invoke(Object(App\Controller\Admin\UsersController))
#7 E:\xampp_5\htdocs\pms\webroot\index.php(37): Cake\Routing\Dispatcher->dispatch(Object(Cake\Network\Request), Object(Cake\Network\Response))
#8 {main}


2018-05-20 16:53:36 Error: [Cake\View\Exception\MissingTemplateException] Template file "Admin\Users\Admin\header.ctp" is missing.
Exception Attributes: array (
  'file' => 'Admin\\Users\\Admin\\header.ctp',
)
Request URL: /pms/admin/users/change-profile-picture/132
Referer URL: http://localhost/pms/admin/users/change-profile-picture/132
Stack Trace:
#0 E:\xampp_5\htdocs\pms\vendor\cakephp\cakephp\src\View\View.php(584): Cake\View\View->_getViewFileName('Admin/header')
#1 E:\xampp_5\htdocs\pms\vendor\cakephp\cakephp\src\Controller\Controller.php(612): Cake\View\View->render('Admin/header', NULL)
#2 E:\xampp_5\htdocs\pms\src\Controller\Admin\UsersController.php(522): Cake\Controller\Controller->render('Admin/header')
#3 [internal function]: App\Controller\Admin\UsersController->changeProfilePicture('132')
#4 E:\xampp_5\htdocs\pms\vendor\cakephp\cakephp\src\Controller\Controller.php(430): call_user_func_array(Array, Array)
#5 E:\xampp_5\htdocs\pms\vendor\cakephp\cakephp\src\Routing\Dispatcher.php(114): Cake\Controller\Controller->invokeAction()
#6 E:\xampp_5\htdocs\pms\vendor\cakephp\cakephp\src\Routing\Dispatcher.php(87): Cake\Routing\Dispatcher->_invoke(Object(App\Controller\Admin\UsersController))
#7 E:\xampp_5\htdocs\pms\webroot\index.php(37): Cake\Routing\Dispatcher->dispatch(Object(Cake\Network\Request), Object(Cake\Network\Response))
#8 {main}


2018-05-20 16:54:08 Error: [Cake\View\Exception\MissingTemplateException] Template file "Admin\Users\Admin\Element\header.ctp" is missing.
Exception Attributes: array (
  'file' => 'Admin\\Users\\Admin\\Element\\header.ctp',
)
Request URL: /pms/admin/users/change-profile-picture/132
Referer URL: http://localhost/pms/admin/users/change-profile-picture/132
Stack Trace:
#0 E:\xampp_5\htdocs\pms\vendor\cakephp\cakephp\src\View\View.php(584): Cake\View\View->_getViewFileName('Admin/Element/h...')
#1 E:\xampp_5\htdocs\pms\vendor\cakephp\cakephp\src\Controller\Controller.php(612): Cake\View\View->render('Admin/Element/h...', NULL)
#2 E:\xampp_5\htdocs\pms\src\Controller\Admin\UsersController.php(522): Cake\Controller\Controller->render('Admin/Element/h...')
#3 [internal function]: App\Controller\Admin\UsersController->changeProfilePicture('132')
#4 E:\xampp_5\htdocs\pms\vendor\cakephp\cakephp\src\Controller\Controller.php(430): call_user_func_array(Array, Array)
#5 E:\xampp_5\htdocs\pms\vendor\cakephp\cakephp\src\Routing\Dispatcher.php(114): Cake\Controller\Controller->invokeAction()
#6 E:\xampp_5\htdocs\pms\vendor\cakephp\cakephp\src\Routing\Dispatcher.php(87): Cake\Routing\Dispatcher->_invoke(Object(App\Controller\Admin\UsersController))
#7 E:\xampp_5\htdocs\pms\webroot\index.php(37): Cake\Routing\Dispatcher->dispatch(Object(Cake\Network\Request), Object(Cake\Network\Response))
#8 {main}


2018-05-20 16:55:21 Error: [Cake\Datasource\Exception\RecordNotFoundException] Record not found in table "users"
Request URL: /pms/admin/users/change-profile-picture/hi
Referer URL: http://localhost/pms/admin/users/change-profile-picture/132
Stack Trace:
#0 E:\xampp_5\htdocs\pms\vendor\cakephp\cakephp\src\ORM\Table.php(1191): Cake\ORM\Query->firstOrFail()
#1 E:\xampp_5\htdocs\pms\src\Controller\Admin\UsersController.php(498): Cake\ORM\Table->get('hi', Array)
#2 [internal function]: App\Controller\Admin\UsersController->changeProfilePicture('hi')
#3 E:\xampp_5\htdocs\pms\vendor\cakephp\cakephp\src\Controller\Controller.php(430): call_user_func_array(Array, Array)
#4 E:\xampp_5\htdocs\pms\vendor\cakephp\cakephp\src\Routing\Dispatcher.php(114): Cake\Controller\Controller->invokeAction()
#5 E:\xampp_5\htdocs\pms\vendor\cakephp\cakephp\src\Routing\Dispatcher.php(87): Cake\Routing\Dispatcher->_invoke(Object(App\Controller\Admin\UsersController))
#6 E:\xampp_5\htdocs\pms\webroot\index.php(37): Cake\Routing\Dispatcher->dispatch(Object(Cake\Network\Request), Object(Cake\Network\Response))
#7 {main}


2018-05-20 16:55:28 Error: [Cake\Routing\Exception\MissingControllerException] Controller class <preClass= could not be found.
Exception Attributes: array (
  'class' => '<preClass=',
  'plugin' => NULL,
  'prefix' => 'admin',
  '_ext' => NULL,
)
Request URL: /pms/admin/%3Cpre%20class=
Referer URL: http://localhost/pms/admin/dashboard
Stack Trace:
#0 E:\xampp_5\htdocs\pms\webroot\index.php(37): Cake\Routing\Dispatcher->dispatch(Object(Cake\Network\Request), Object(Cake\Network\Response))
#1 {main}


2018-05-20 16:55:48 Error: [Cake\Routing\Exception\MissingControllerException] Controller class <preClass= could not be found.
Exception Attributes: array (
  'class' => '<preClass=',
  'plugin' => NULL,
  'prefix' => 'admin',
  '_ext' => NULL,
)
Request URL: /pms/admin/%3Cpre%20class=
Referer URL: http://localhost/pms/admin/users
Stack Trace:
#0 E:\xampp_5\htdocs\pms\webroot\index.php(37): Cake\Routing\Dispatcher->dispatch(Object(Cake\Network\Request), Object(Cake\Network\Response))
#1 {main}


2018-05-20 16:56:01 Error: [Cake\Routing\Exception\MissingControllerException] Controller class <preClass= could not be found.
Exception Attributes: array (
  'class' => '<preClass=',
  'plugin' => NULL,
  'prefix' => 'admin',
  '_ext' => NULL,
)
Request URL: /pms/admin/%3Cpre%20class=
Referer URL: http://localhost/pms/admin/users
Stack Trace:
#0 E:\xampp_5\htdocs\pms\webroot\index.php(37): Cake\Routing\Dispatcher->dispatch(Object(Cake\Network\Request), Object(Cake\Network\Response))
#1 {main}


2018-05-20 17:01:21 Error: [Cake\Datasource\Exception\InvalidPrimaryKeyException] Record not found in table "users" with primary key [NULL]
Request URL: /pms/admin/users/change-profile-picture
Referer URL: http://localhost/pms/admin/users/change-profile-picture/132
Stack Trace:
#0 E:\xampp_5\htdocs\pms\src\Controller\Admin\UsersController.php(498): Cake\ORM\Table->get(NULL, Array)
#1 [internal function]: App\Controller\Admin\UsersController->changeProfilePicture()
#2 E:\xampp_5\htdocs\pms\vendor\cakephp\cakephp\src\Controller\Controller.php(430): call_user_func_array(Array, Array)
#3 E:\xampp_5\htdocs\pms\vendor\cakephp\cakephp\src\Routing\Dispatcher.php(114): Cake\Controller\Controller->invokeAction()
#4 E:\xampp_5\htdocs\pms\vendor\cakephp\cakephp\src\Routing\Dispatcher.php(87): Cake\Routing\Dispatcher->_invoke(Object(App\Controller\Admin\UsersController))
#5 E:\xampp_5\htdocs\pms\webroot\index.php(37): Cake\Routing\Dispatcher->dispatch(Object(Cake\Network\Request), Object(Cake\Network\Response))
#6 {main}


2018-05-20 17:05:38 Error: [Cake\Datasource\Exception\InvalidPrimaryKeyException] Record not found in table "users" with primary key [NULL]
Request URL: /pms/admin/users/change-profile-picture
Referer URL: http://localhost/pms/admin/users/change-profile-picture/132
Stack Trace:
#0 E:\xampp_5\htdocs\pms\src\Controller\Admin\UsersController.php(498): Cake\ORM\Table->get(NULL, Array)
#1 [internal function]: App\Controller\Admin\UsersController->changeProfilePicture()
#2 E:\xampp_5\htdocs\pms\vendor\cakephp\cakephp\src\Controller\Controller.php(430): call_user_func_array(Array, Array)
#3 E:\xampp_5\htdocs\pms\vendor\cakephp\cakephp\src\Routing\Dispatcher.php(114): Cake\Controller\Controller->invokeAction()
#4 E:\xampp_5\htdocs\pms\vendor\cakephp\cakephp\src\Routing\Dispatcher.php(87): Cake\Routing\Dispatcher->_invoke(Object(App\Controller\Admin\UsersController))
#5 E:\xampp_5\htdocs\pms\webroot\index.php(37): Cake\Routing\Dispatcher->dispatch(Object(Cake\Network\Request), Object(Cake\Network\Response))
#6 {main}


2018-05-20 20:03:50 Error: [Cake\Datasource\Exception\RecordNotFoundException] Record not found in table "users"
Request URL: /pms/admin/users/change-profile-picture/webroot/uploads/users/Screenshot__42_.png
Referer URL: http://localhost/pms/admin/users/change-profile-picture/132
Stack Trace:
#0 E:\xampp_5\htdocs\pms\vendor\cakephp\cakephp\src\ORM\Table.php(1191): Cake\ORM\Query->firstOrFail()
#1 E:\xampp_5\htdocs\pms\src\Controller\Admin\UsersController.php(498): Cake\ORM\Table->get('webroot', Array)
#2 [internal function]: App\Controller\Admin\UsersController->changeProfilePicture('webroot', 'uploads', 'users', 'Screenshot__42_...')
#3 E:\xampp_5\htdocs\pms\vendor\cakephp\cakephp\src\Controller\Controller.php(430): call_user_func_array(Array, Array)
#4 E:\xampp_5\htdocs\pms\vendor\cakephp\cakephp\src\Routing\Dispatcher.php(114): Cake\Controller\Controller->invokeAction()
#5 E:\xampp_5\htdocs\pms\vendor\cakephp\cakephp\src\Routing\Dispatcher.php(87): Cake\Routing\Dispatcher->_invoke(Object(App\Controller\Admin\UsersController))
#6 E:\xampp_5\htdocs\pms\webroot\index.php(37): Cake\Routing\Dispatcher->dispatch(Object(Cake\Network\Request), Object(Cake\Network\Response))
#7 {main}


2018-05-20 20:04:12 Error: [Cake\Datasource\Exception\RecordNotFoundException] Record not found in table "users"
Request URL: /pms/admin/users/change-profile-picture/webroot/uploads/users/Screenshot__42_.png
Referer URL: http://localhost/pms/admin/users/change-profile-picture/132
Stack Trace:
#0 E:\xampp_5\htdocs\pms\vendor\cakephp\cakephp\src\ORM\Table.php(1191): Cake\ORM\Query->firstOrFail()
#1 E:\xampp_5\htdocs\pms\src\Controller\Admin\UsersController.php(498): Cake\ORM\Table->get('webroot', Array)
#2 [internal function]: App\Controller\Admin\UsersController->changeProfilePicture('webroot', 'uploads', 'users', 'Screenshot__42_...')
#3 E:\xampp_5\htdocs\pms\vendor\cakephp\cakephp\src\Controller\Controller.php(430): call_user_func_array(Array, Array)
#4 E:\xampp_5\htdocs\pms\vendor\cakephp\cakephp\src\Routing\Dispatcher.php(114): Cake\Controller\Controller->invokeAction()
#5 E:\xampp_5\htdocs\pms\vendor\cakephp\cakephp\src\Routing\Dispatcher.php(87): Cake\Routing\Dispatcher->_invoke(Object(App\Controller\Admin\UsersController))
#6 E:\xampp_5\htdocs\pms\webroot\index.php(37): Cake\Routing\Dispatcher->dispatch(Object(Cake\Network\Request), Object(Cake\Network\Response))
#7 {main}


2018-05-20 20:18:15 Error: [Cake\Routing\Exception\MissingControllerException] Controller class Uploads could not be found.
Exception Attributes: array (
  'class' => 'Uploads',
  'plugin' => NULL,
  'prefix' => NULL,
  '_ext' => NULL,
)
Request URL: /pms/uploads/users/'.
Referer URL: http://localhost/pms/admin/users/change-profile-picture/132
Stack Trace:
#0 E:\xampp_5\htdocs\pms\webroot\index.php(37): Cake\Routing\Dispatcher->dispatch(Object(Cake\Network\Request), Object(Cake\Network\Response))
#1 {main}


2018-05-20 20:18:41 Error: [Cake\Routing\Exception\MissingControllerException] Controller class Uploads could not be found.
Exception Attributes: array (
  'class' => 'Uploads',
  'plugin' => NULL,
  'prefix' => NULL,
  '_ext' => NULL,
)
Request URL: /pms/uploads/users/'.
Referer URL: http://localhost/pms/admin/users/change-profile-picture/132
Stack Trace:
#0 E:\xampp_5\htdocs\pms\webroot\index.php(37): Cake\Routing\Dispatcher->dispatch(Object(Cake\Network\Request), Object(Cake\Network\Response))
#1 {main}


2018-05-20 20:18:59 Error: [Cake\Routing\Exception\MissingControllerException] Controller class Uploads could not be found.
Exception Attributes: array (
  'class' => 'Uploads',
  'plugin' => NULL,
  'prefix' => NULL,
  '_ext' => NULL,
)
Request URL: /pms/uploads/users/'.Screenshot__1_.png
Referer URL: http://localhost/pms/admin/users/change-profile-picture/132
Stack Trace:
#0 E:\xampp_5\htdocs\pms\webroot\index.php(37): Cake\Routing\Dispatcher->dispatch(Object(Cake\Network\Request), Object(Cake\Network\Response))
#1 {main}


2018-05-20 20:19:10 Error: [Cake\Routing\Exception\MissingControllerException] Controller class Uploads could not be found.
Exception Attributes: array (
  'class' => 'Uploads',
  'plugin' => NULL,
  'prefix' => NULL,
  '_ext' => NULL,
)
Request URL: /pms/uploads/users/'Screenshot__1_.png
Referer URL: http://localhost/pms/admin/users/change-profile-picture/132
Stack Trace:
#0 E:\xampp_5\htdocs\pms\webroot\index.php(37): Cake\Routing\Dispatcher->dispatch(Object(Cake\Network\Request), Object(Cake\Network\Response))
#1 {main}


2018-05-20 20:29:33 Error: [Cake\Routing\Exception\MissingControllerException] Controller class Uploads could not be found.
Exception Attributes: array (
  'class' => 'Uploads',
  'plugin' => NULL,
  'prefix' => NULL,
  '_ext' => NULL,
)
Request URL: /pms/uploads/users/
Referer URL: http://localhost/pms/admin/dashboard
Stack Trace:
#0 E:\xampp_5\htdocs\pms\webroot\index.php(37): Cake\Routing\Dispatcher->dispatch(Object(Cake\Network\Request), Object(Cake\Network\Response))
#1 {main}


2018-05-20 20:29:44 Error: [Cake\Routing\Exception\MissingControllerException] Controller class Uploads could not be found.
Exception Attributes: array (
  'class' => 'Uploads',
  'plugin' => NULL,
  'prefix' => NULL,
  '_ext' => NULL,
)
Request URL: /pms/uploads/users/
Referer URL: http://localhost/pms/admin/users/change-profile-picture/132
Stack Trace:
#0 E:\xampp_5\htdocs\pms\webroot\index.php(37): Cake\Routing\Dispatcher->dispatch(Object(Cake\Network\Request), Object(Cake\Network\Response))
#1 {main}


2018-05-20 20:31:33 Error: [Cake\Routing\Exception\MissingControllerException] Controller class Uploads could not be found.
Exception Attributes: array (
  'class' => 'Uploads',
  'plugin' => NULL,
  'prefix' => NULL,
  '_ext' => NULL,
)
Request URL: /pms/uploads/users/abdullah.jpg
Referer URL: http://localhost/pms/admin/users/change-profile-picture/132
Stack Trace:
#0 E:\xampp_5\htdocs\pms\webroot\index.php(37): Cake\Routing\Dispatcher->dispatch(Object(Cake\Network\Request), Object(Cake\Network\Response))
#1 {main}


2018-05-20 20:31:40 Error: [Cake\Routing\Exception\MissingControllerException] Controller class Uploads could not be found.
Exception Attributes: array (
  'class' => 'Uploads',
  'plugin' => NULL,
  'prefix' => NULL,
  '_ext' => NULL,
)
Request URL: /pms/uploads/users/
Referer URL: http://localhost/pms/admin/dashboard
Stack Trace:
#0 E:\xampp_5\htdocs\pms\webroot\index.php(37): Cake\Routing\Dispatcher->dispatch(Object(Cake\Network\Request), Object(Cake\Network\Response))
#1 {main}


2018-05-20 20:31:48 Error: [Cake\Routing\Exception\MissingControllerException] Controller class Uploads could not be found.
Exception Attributes: array (
  'class' => 'Uploads',
  'plugin' => NULL,
  'prefix' => NULL,
  '_ext' => NULL,
)
Request URL: /pms/uploads/users/
Referer URL: http://localhost/pms/admin/dashboard
Stack Trace:
#0 E:\xampp_5\htdocs\pms\webroot\index.php(37): Cake\Routing\Dispatcher->dispatch(Object(Cake\Network\Request), Object(Cake\Network\Response))
#1 {main}


2018-05-20 20:31:56 Error: [Cake\Routing\Exception\MissingControllerException] Controller class Uploads could not be found.
Exception Attributes: array (
  'class' => 'Uploads',
  'plugin' => NULL,
  'prefix' => NULL,
  '_ext' => NULL,
)
Request URL: /pms/uploads/users/
Referer URL: http://localhost/pms/admin/users/change-profile-picture/132
Stack Trace:
#0 E:\xampp_5\htdocs\pms\webroot\index.php(37): Cake\Routing\Dispatcher->dispatch(Object(Cake\Network\Request), Object(Cake\Network\Response))
#1 {main}


2018-05-20 20:34:25 Error: Fatal Error (4): syntax error, unexpected 'echo' (T_ECHO) in [E:\xampp_5\htdocs\pms\src\Template\Admin\Element\header.ctp, line 133]
Trace:
Cake\Error\BaseErrorHandler::handleFatalError() - CORE\src\Error\BaseErrorHandler.php, line 216
Cake\Error\BaseErrorHandler::Cake\Error\{closure}() - CORE\src\Error\BaseErrorHandler.php, line 99
[main] - [internal], line ??



2018-05-20 20:34:25 Error: [Cake\Error\FatalErrorException] syntax error, unexpected 'echo' (T_ECHO)
Request URL: /pms/admin/users/change-profile-picture/132
Referer URL: http://localhost/pms/admin/users/change-profile-picture/132
Stack Trace:
#0 E:\xampp_5\htdocs\pms\vendor\cakephp\cakephp\src\Error\BaseErrorHandler.php(99): Cake\Error\BaseErrorHandler->handleFatalError(4, 'syntax error, u...', 'E:\\xampp_5\\htdo...', 133)
#1 [internal function]: Cake\Error\BaseErrorHandler->Cake\Error\{closure}()
#2 {main}


2018-05-20 21:22:18 Error: [Cake\Routing\Exception\MissingControllerException] Controller class Uploads could not be found.
Exception Attributes: array (
  'class' => 'Uploads',
  'plugin' => NULL,
  'prefix' => NULL,
  '_ext' => NULL,
)
Request URL: /pms/uploads/users/
Referer URL: http://localhost/pms/admin/dashboard
Stack Trace:
#0 E:\xampp_5\htdocs\pms\webroot\index.php(37): Cake\Routing\Dispatcher->dispatch(Object(Cake\Network\Request), Object(Cake\Network\Response))
#1 {main}


2018-05-20 21:23:04 Error: [Cake\Routing\Exception\MissingControllerException] Controller class Uploads could not be found.
Exception Attributes: array (
  'class' => 'Uploads',
  'plugin' => NULL,
  'prefix' => NULL,
  '_ext' => NULL,
)
Request URL: /pms/uploads/users/
Referer URL: http://localhost/pms/admin/dashboard
Stack Trace:
#0 E:\xampp_5\htdocs\pms\webroot\index.php(37): Cake\Routing\Dispatcher->dispatch(Object(Cake\Network\Request), Object(Cake\Network\Response))
#1 {main}


2018-05-20 21:23:06 Error: [Cake\Routing\Exception\MissingControllerException] Controller class Uploads could not be found.
Exception Attributes: array (
  'class' => 'Uploads',
  'plugin' => NULL,
  'prefix' => NULL,
  '_ext' => NULL,
)
Request URL: /pms/uploads/users/
Referer URL: http://localhost/pms/admin/dashboard
Stack Trace:
#0 E:\xampp_5\htdocs\pms\webroot\index.php(37): Cake\Routing\Dispatcher->dispatch(Object(Cake\Network\Request), Object(Cake\Network\Response))
#1 {main}


2018-05-20 21:23:44 Error: [Cake\Routing\Exception\MissingControllerException] Controller class Uploads could not be found.
Exception Attributes: array (
  'class' => 'Uploads',
  'plugin' => NULL,
  'prefix' => NULL,
  '_ext' => NULL,
)
Request URL: /pms/uploads/users/
Referer URL: http://localhost/pms/admin/dashboard
Stack Trace:
#0 E:\xampp_5\htdocs\pms\webroot\index.php(37): Cake\Routing\Dispatcher->dispatch(Object(Cake\Network\Request), Object(Cake\Network\Response))
#1 {main}


2018-05-20 21:24:21 Error: [Cake\Routing\Exception\MissingControllerException] Controller class Uploads could not be found.
Exception Attributes: array (
  'class' => 'Uploads',
  'plugin' => NULL,
  'prefix' => NULL,
  '_ext' => NULL,
)
Request URL: /pms/uploads/users/
Referer URL: http://localhost/pms/admin/dashboard
Stack Trace:
#0 E:\xampp_5\htdocs\pms\webroot\index.php(37): Cake\Routing\Dispatcher->dispatch(Object(Cake\Network\Request), Object(Cake\Network\Response))
#1 {main}


2018-05-20 21:45:58 Error: Fatal Error (4): syntax error, unexpected ''type'' (T_CONSTANT_ENCAPSED_STRING), expecting ']' in [E:\xampp_5\htdocs\pms\src\Template\Admin\Users\change_profile_picture.ctp, line 35]
Trace:
Cake\Error\BaseErrorHandler::handleFatalError() - CORE\src\Error\BaseErrorHandler.php, line 216
Cake\Error\BaseErrorHandler::Cake\Error\{closure}() - CORE\src\Error\BaseErrorHandler.php, line 99
[main] - [internal], line ??



2018-05-20 21:45:58 Error: [Cake\Error\FatalErrorException] syntax error, unexpected ''type'' (T_CONSTANT_ENCAPSED_STRING), expecting ']'
Request URL: /pms/admin/users/change-profile-picture/132
Referer URL: http://localhost/pms/admin/users/change-profile-picture/132
Stack Trace:
#0 E:\xampp_5\htdocs\pms\vendor\cakephp\cakephp\src\Error\BaseErrorHandler.php(99): Cake\Error\BaseErrorHandler->handleFatalError(4, 'syntax error, u...', 'E:\\xampp_5\\htdo...', 35)
#1 [internal function]: Cake\Error\BaseErrorHandler->Cake\Error\{closure}()
#2 {main}


